<?xml version="1.0" encoding="UTF-8" ?>
<testsuite failures="0" time="0.01" errors="0" skipped="0" tests="1" name="org.goldheaven.core.AppTest">
  <properties>
    <property name="java.runtime.name" value="Java(TM) SE Runtime Environment"/>
    <property name="sun.boot.library.path" value="D:\DevRoot\SDKs\jdk6\jre\bin"/>
    <property name="java.vm.version" value="20.0-b11"/>
    <property name="java.vm.vendor" value="Sun Microsystems Inc."/>
    <property name="java.vendor.url" value="http://java.sun.com/"/>
    <property name="path.separator" value=";"/>
    <property name="java.vm.name" value="Java HotSpot(TM) Client VM"/>
    <property name="file.encoding.pkg" value="sun.io"/>
    <property name="user.country" value="CN"/>
    <property name="sun.java.launcher" value="SUN_STANDARD"/>
    <property name="sun.os.patch.level" value="Service Pack 1"/>
    <property name="java.vm.specification.name" value="Java Virtual Machine Specification"/>
    <property name="user.dir" value="D:\DevRoot\Source\goldheaven\goldheaven-core"/>
    <property name="java.runtime.version" value="1.6.0_25-b06"/>
    <property name="java.awt.graphicsenv" value="sun.awt.Win32GraphicsEnvironment"/>
    <property name="basedir" value="D:\DevRoot\Source\goldheaven\goldheaven-core"/>
    <property name="java.endorsed.dirs" value="D:\DevRoot\SDKs\jdk6\jre\lib\endorsed"/>
    <property name="os.arch" value="x86"/>
    <property name="surefire.real.class.path" value="D:\DevRoot\Source\goldheaven\goldheaven-core\target\surefire\surefirebooter3531178238090953899.jar"/>
    <property name="java.io.tmpdir" value="C:\Users\xiu\AppData\Local\Temp\"/>
    <property name="line.separator" value="
"/>
    <property name="java.vm.specification.vendor" value="Sun Microsystems Inc."/>
    <property name="user.variant" value=""/>
    <property name="os.name" value="Windows 7"/>
    <property name="sun.jnu.encoding" value="GBK"/>
    <property name="java.library.path" value="D:\DevRoot\SDKs\jdk6\jre\bin;.;C:\Windows\Sun\Java\bin;C:\Windows\system32;C:\Windows;C:\Windows\system32;C:\Windows;C:\Windows\System32\Wbem;C:\Windows\System32\WindowsPowerShell\v1.0\;D:\DevRoot\SDKs\jdk6\bin;C:\Program Files\TortoiseSVN\bin;D:\DevRoot\Tools\maven2\bin;D:\Program Files\instantclient_10_2"/>
    <property name="surefire.test.class.path" value="D:\DevRoot\Source\goldheaven\goldheaven-core\target\test-classes;D:\DevRoot\Source\goldheaven\goldheaven-core\target\classes;C:\Users\xiu\.m2\repository\junit\junit\3.8.1\junit-3.8.1.jar;"/>
    <property name="java.specification.name" value="Java Platform API Specification"/>
    <property name="java.class.version" value="50.0"/>
    <property name="sun.management.compiler" value="HotSpot Client Compiler"/>
    <property name="os.version" value="6.1"/>
    <property name="user.home" value="C:\Users\xiu"/>
    <property name="user.timezone" value=""/>
    <property name="java.awt.printerjob" value="sun.awt.windows.WPrinterJob"/>
    <property name="java.specification.version" value="1.6"/>
    <property name="file.encoding" value="GBK"/>
    <property name="user.name" value="xiu"/>
    <property name="java.class.path" value="D:\DevRoot\Source\goldheaven\goldheaven-core\target\test-classes;D:\DevRoot\Source\goldheaven\goldheaven-core\target\classes;C:\Users\xiu\.m2\repository\junit\junit\3.8.1\junit-3.8.1.jar;"/>
    <property name="java.vm.specification.version" value="1.0"/>
    <property name="sun.arch.data.model" value="32"/>
    <property name="java.home" value="D:\DevRoot\SDKs\jdk6\jre"/>
    <property name="sun.java.command" value="D:\DevRoot\Source\goldheaven\goldheaven-core\target\surefire\surefirebooter3531178238090953899.jar D:\DevRoot\Source\goldheaven\goldheaven-core\target\surefire\surefire3829327735594254863tmp D:\DevRoot\Source\goldheaven\goldheaven-core\target\surefire\surefire1261854616856754920tmp"/>
    <property name="java.specification.vendor" value="Sun Microsystems Inc."/>
    <property name="user.language" value="zh"/>
    <property name="awt.toolkit" value="sun.awt.windows.WToolkit"/>
    <property name="java.vm.info" value="mixed mode"/>
    <property name="java.version" value="1.6.0_25"/>
    <property name="java.ext.dirs" value="D:\DevRoot\SDKs\jdk6\jre\lib\ext;C:\Windows\Sun\Java\lib\ext"/>
    <property name="sun.boot.class.path" value="D:\DevRoot\SDKs\jdk6\jre\lib\resources.jar;D:\DevRoot\SDKs\jdk6\jre\lib\rt.jar;D:\DevRoot\SDKs\jdk6\jre\lib\sunrsasign.jar;D:\DevRoot\SDKs\jdk6\jre\lib\jsse.jar;D:\DevRoot\SDKs\jdk6\jre\lib\jce.jar;D:\DevRoot\SDKs\jdk6\jre\lib\charsets.jar;D:\DevRoot\SDKs\jdk6\jre\lib\modules\jdk.boot.jar;D:\DevRoot\SDKs\jdk6\jre\classes"/>
    <property name="java.vendor" value="Sun Microsystems Inc."/>
    <property name="localRepository" value="C:\Users\xiu\.m2\repository"/>
    <property name="file.separator" value="\"/>
    <property name="java.vendor.url.bug" value="http://java.sun.com/cgi-bin/bugreport.cgi"/>
    <property name="sun.cpu.endian" value="little"/>
    <property name="sun.io.unicode.encoding" value="UnicodeLittle"/>
    <property name="sun.desktop" value="windows"/>
    <property name="sun.cpu.isalist" value="pentium_pro+mmx pentium_pro pentium+mmx pentium i486 i386 i86"/>
  </properties>
  <testcase time="0.001" classname="org.goldheaven.core.AppTest" name="testApp"/>
</testsuite>